Build started 05/04/2019 16:10:29.
     1>Project "C:\Users\Mogwai\Documents\GitHub\bachelor\lua-testing\LUA_testing\LUA_testing\LUA_testing.vcxproj" on node 2 (Build target(s)).
     1>ClCompile:
         C:\Program Files (x86)\Microsoft Visual Studio 12.0\VC\bin\CL.exe /c /ZI /nologo /W3 /WX- /Od /Oy- /D WIN32 /D _DEBUG /D _CONSOLE /D _LIB /D _UNICODE /D UNICODE /Gm /EHsc /RTC1 /MDd /GS /fp:precise /Zc:wchar_t /Zc:forScope /Fo"Debug\\" /Fd"Debug\vc120.pdb" /Gd /TC /analyze- /errorReport:prompt testFunction.c
         testFunction.c
     1>c:\users\mogwai\documents\github\bachelor\lua-testing\lua_testing\lua_testing\testfunction.c(23): warning C4013: 'luaL_checkint' undefined; assuming extern returning int
     1>c:\users\mogwai\documents\github\bachelor\lua-testing\lua_testing\lua_testing\testfunction.c(43): error C2079: 'array' uses undefined struct 'array'
     1>c:\users\mogwai\documents\github\bachelor\lua-testing\lua_testing\lua_testing\testfunction.c(43): error C2078: too many initializers
     1>c:\users\mogwai\documents\github\bachelor\lua-testing\lua_testing\lua_testing\testfunction.c(45): warning C4013: 'luaL_openlib' undefined; assuming extern returning int
     1>Done Building Project "C:\Users\Mogwai\Documents\GitHub\bachelor\lua-testing\LUA_testing\LUA_testing\LUA_testing.vcxproj" (Build target(s)) -- FAILED.

Build FAILED.

Time Elapsed 00:00:00.32
